2026-05-24 23:33:13,145 [INFO] ==================================================
2026-05-24 23:33:13,146 [INFO] Polymarket Arbitraj Botu baţlatýlýyor...
2026-05-24 23:33:13,147 [INFO] ==================================================
2026-05-24 23:33:16,638 [INFO] Telegram bađlantýsý OK — Bot adý: drpolymarket_paper_bot
2026-05-24 23:33:17,029 [ERROR] Telegram gönderim hatasý: HTTP Error 400: Bad Request
2026-05-24 23:33:17,032 [INFO] Telegram polling baţladý...
2026-05-24 23:33:17,032 [INFO] Bot çalýţýyor. Durdurmak için Ctrl+C
2026-05-24 23:33:47,047 [INFO] Tarama baţlýyor...
2026-05-24 23:33:53,069 [INFO] The Odds API: 0 maç yüklendi
2026-05-24 23:33:53,194 [WARNING] HTTP GET hatasý https://gamma-api.polymarket.com/markets?active=true&closed=false&limit=100&offs: HTTP Error 403: Forbidden
2026-05-24 23:33:53,198 [INFO] Polymarket: 0 spor marketi bulundu
2026-05-24 23:33:53,199 [INFO] Bu taramada yeni fýrsat bulunamadý.
2026-05-24 23:34:45,028 [INFO] Bot durduruldu.
2026-05-24 23:51:31,484 [INFO] ==================================================
2026-05-24 23:51:31,485 [INFO] Polymarket Arbitraj Botu baţlatýlýyor...
2026-05-24 23:51:31,487 [INFO] ==================================================
2026-05-24 23:51:31,773 [INFO] Telegram bađlantýsý OK — Bot adý: drpolymarket_paper_bot
2026-05-24 23:51:32,160 [ERROR] Telegram gönderim hatasý: HTTP Error 400: Bad Request
2026-05-24 23:51:32,164 [INFO] Telegram polling baţladý...
2026-05-24 23:51:32,164 [INFO] Bot çalýţýyor. Durdurmak için Ctrl+C
2026-05-24 23:52:02,165 [INFO] Tarama baţlýyor...
2026-05-24 23:52:08,172 [INFO] The Odds API: 0 maç yüklendi
2026-05-24 23:52:08,278 [WARNING] HTTP GET hatasý https://gamma-api.polymarket.com/markets?active=true&closed=false&limit=100&offs: HTTP Error 403: Forbidden
2026-05-24 23:52:08,279 [INFO] Polymarket: 0 spor marketi bulundu
2026-05-24 23:52:08,280 [INFO] Bu taramada yeni fýrsat bulunamadý.
2026-05-24 23:55:26,205 [INFO] Bot durduruldu.
2026-05-24 23:55:26,922 [INFO] ==================================================
2026-05-24 23:55:26,923 [INFO] Polymarket Arbitraj Botu baţlatýlýyor...
2026-05-24 23:55:26,924 [INFO] ==================================================
2026-05-24 23:55:27,205 [INFO] Telegram bađlantýsý OK — Bot adý: drpolymarket_paper_bot
2026-05-24 23:55:27,445 [ERROR] Telegram gönderim hatasý: HTTP Error 400: Bad Request
2026-05-24 23:55:27,449 [INFO] Telegram polling baţladý...
2026-05-24 23:55:27,449 [INFO] Bot çalýţýyor. Durdurmak için Ctrl+C
2026-05-24 23:55:57,451 [INFO] Tarama baţlýyor...
2026-05-24 23:56:03,462 [INFO] The Odds API: 0 maç yüklendi
2026-05-24 23:56:03,611 [WARNING] HTTP GET hatasý https://gamma-api.polymarket.com/markets?active=true&closed=false&limit=100&offs: HTTP Error 403: Forbidden
2026-05-24 23:56:03,612 [INFO] Polymarket: 0 spor marketi bulundu
2026-05-24 23:56:03,613 [INFO] Bu taramada yeni fýrsat bulunamadý.
2026-05-24 23:57:10,213 [INFO] Bot durduruldu.
2026-05-24 23:57:29,451 [INFO] ==================================================
2026-05-24 23:57:29,452 [INFO] Polymarket Arbitraj Botu baţlatýlýyor...
2026-05-24 23:57:29,453 [INFO] ==================================================
2026-05-24 23:57:29,859 [INFO] Telegram bađlantýsý OK — Bot adý: drpolymarket_paper_bot
2026-05-24 23:57:30,479 [ERROR] Telegram gönderim hatasý: HTTP Error 400: Bad Request
2026-05-24 23:57:30,639 [ERROR] Traceback (most recent call last):
  File "C:\Users\Lenovo\Desktop\polymarket\bot.py", line 221, in tg_send
    with urllib.request.urlopen(req, timeout=10) as r:
         ~~~~~~~~~~~~~~~~~~~~~~^^^^^^^^^^^^^^^^^
  File "C:\Users\Lenovo\AppData\Local\Python\pythoncore-3.14-64\Lib\urllib\request.py", line 187, in urlopen
    return opener.open(url, data, timeout)
           ~~~~~~~~~~~^^^^^^^^^^^^^^^^^^^^
  File "C:\Users\Lenovo\AppData\Local\Python\pythoncore-3.14-64\Lib\urllib\request.py", line 493, in open
    response = meth(req, response)
  File "C:\Users\Lenovo\AppData\Local\Python\pythoncore-3.14-64\Lib\urllib\request.py", line 602, in http_response
    response = self.parent.error(
        'http', request, response, code, msg, hdrs)
  File "C:\Users\Lenovo\AppData\Local\Python\pythoncore-3.14-64\Lib\urllib\request.py", line 531, in error
    return self._call_chain(*args)
           ~~~~~~~~~~~~~~~~^^^^^^^
  File "C:\Users\Lenovo\AppData\Local\Python\pythoncore-3.14-64\Lib\urllib\request.py", line 464, in _call_chain
    result = func(*args)
  File "C:\Users\Lenovo\AppData\Local\Python\pythoncore-3.14-64\Lib\urllib\request.py", line 611, in http_error_default
    raise HTTPError(req.full_url, code, msg, hdrs, fp)
urllib.error.HTTPError: HTTP Error 400: Bad Request

2026-05-24 23:57:30,641 [ERROR] Response: {"ok":false,"error_code":400,"description":"Bad Request: chat not found"}
2026-05-24 23:57:30,643 [INFO] Telegram polling baţladý...
2026-05-24 23:57:30,644 [INFO] Bot çalýţýyor. Durdurmak için Ctrl+C
2026-05-24 23:57:54,135 [INFO] Bot durduruldu.
2026-05-25 00:00:33,610 [INFO] ==================================================
2026-05-25 00:00:33,611 [INFO] Polymarket Arbitraj Botu baţlatýlýyor...
2026-05-25 00:00:33,612 [INFO] ==================================================
2026-05-25 00:00:33,914 [INFO] Telegram bađlantýsý OK — Bot adý: drpolymarket_paper_bot
2026-05-25 00:00:34,153 [ERROR] Telegram gönderim hatasý: HTTP Error 400: Bad Request
2026-05-25 00:00:34,160 [ERROR] Traceback (most recent call last):
  File "C:\Users\Lenovo\Desktop\polymarket\bot.py", line 221, in tg_send
    with urllib.request.urlopen(req, timeout=10) as r:
         ~~~~~~~~~~~~~~~~~~~~~~^^^^^^^^^^^^^^^^^
  File "C:\Users\Lenovo\AppData\Local\Python\pythoncore-3.14-64\Lib\urllib\request.py", line 187, in urlopen
    return opener.open(url, data, timeout)
           ~~~~~~~~~~~^^^^^^^^^^^^^^^^^^^^
  File "C:\Users\Lenovo\AppData\Local\Python\pythoncore-3.14-64\Lib\urllib\request.py", line 493, in open
    response = meth(req, response)
  File "C:\Users\Lenovo\AppData\Local\Python\pythoncore-3.14-64\Lib\urllib\request.py", line 602, in http_response
    response = self.parent.error(
        'http', request, response, code, msg, hdrs)
  File "C:\Users\Lenovo\AppData\Local\Python\pythoncore-3.14-64\Lib\urllib\request.py", line 531, in error
    return self._call_chain(*args)
           ~~~~~~~~~~~~~~~~^^^^^^^
  File "C:\Users\Lenovo\AppData\Local\Python\pythoncore-3.14-64\Lib\urllib\request.py", line 464, in _call_chain
    result = func(*args)
  File "C:\Users\Lenovo\AppData\Local\Python\pythoncore-3.14-64\Lib\urllib\request.py", line 611, in http_error_default
    raise HTTPError(req.full_url, code, msg, hdrs, fp)
urllib.error.HTTPError: HTTP Error 400: Bad Request

2026-05-25 00:00:34,161 [ERROR] Response: {"ok":false,"error_code":400,"description":"Bad Request: chat not found"}
2026-05-25 00:00:34,163 [INFO] Telegram polling baţladý...
2026-05-25 00:00:34,164 [INFO] Bot çalýţýyor. Durdurmak için Ctrl+C
2026-05-25 00:01:04,166 [INFO] Tarama baţlýyor...
2026-05-25 00:01:10,190 [INFO] The Odds API: 0 maç yüklendi
2026-05-25 00:01:10,373 [WARNING] HTTP GET hatasý https://gamma-api.polymarket.com/markets?active=true&closed=false&limit=100&offs: HTTP Error 403: Forbidden
2026-05-25 00:01:10,376 [INFO] Polymarket: 0 spor marketi bulundu
2026-05-25 00:01:10,377 [INFO] Bu taramada yeni fýrsat bulunamadý.
2026-05-25 00:01:37,897 [INFO] Bot durduruldu.
2026-05-25 00:01:40,713 [INFO] ==================================================
2026-05-25 00:01:40,714 [INFO] Polymarket Arbitraj Botu baţlatýlýyor...
2026-05-25 00:01:40,714 [INFO] ==================================================
2026-05-25 00:01:40,988 [INFO] Telegram bađlantýsý OK — Bot adý: drpolymarket_paper_bot
2026-05-25 00:01:41,518 [ERROR] Telegram gönderim hatasý: HTTP Error 400: Bad Request
2026-05-25 00:01:41,527 [ERROR] Traceback (most recent call last):
  File "C:\Users\Lenovo\Desktop\polymarket\bot.py", line 221, in tg_send
    with urllib.request.urlopen(req, timeout=10) as r:
         ~~~~~~~~~~~~~~~~~~~~~~^^^^^^^^^^^^^^^^^
  File "C:\Users\Lenovo\AppData\Local\Python\pythoncore-3.14-64\Lib\urllib\request.py", line 187, in urlopen
    return opener.open(url, data, timeout)
           ~~~~~~~~~~~^^^^^^^^^^^^^^^^^^^^
  File "C:\Users\Lenovo\AppData\Local\Python\pythoncore-3.14-64\Lib\urllib\request.py", line 493, in open
    response = meth(req, response)
  File "C:\Users\Lenovo\AppData\Local\Python\pythoncore-3.14-64\Lib\urllib\request.py", line 602, in http_response
    response = self.parent.error(
        'http', request, response, code, msg, hdrs)
  File "C:\Users\Lenovo\AppData\Local\Python\pythoncore-3.14-64\Lib\urllib\request.py", line 531, in error
    return self._call_chain(*args)
           ~~~~~~~~~~~~~~~~^^^^^^^
  File "C:\Users\Lenovo\AppData\Local\Python\pythoncore-3.14-64\Lib\urllib\request.py", line 464, in _call_chain
    result = func(*args)
  File "C:\Users\Lenovo\AppData\Local\Python\pythoncore-3.14-64\Lib\urllib\request.py", line 611, in http_error_default
    raise HTTPError(req.full_url, code, msg, hdrs, fp)
urllib.error.HTTPError: HTTP Error 400: Bad Request

2026-05-25 00:01:41,528 [ERROR] Response: {"ok":false,"error_code":400,"description":"Bad Request: chat not found"}
2026-05-25 00:01:41,531 [INFO] Telegram polling baţladý...
2026-05-25 00:01:41,531 [INFO] Bot çalýţýyor. Durdurmak için Ctrl+C
2026-05-25 00:01:57,417 [INFO] Bot durduruldu.
2026-05-25 00:04:47,528 [INFO] ==================================================
2026-05-25 00:04:47,529 [INFO] Polymarket Arbitraj Botu baţlatýlýyor...
2026-05-25 00:04:47,530 [INFO] ==================================================
2026-05-25 00:04:47,844 [INFO] Telegram bađlantýsý OK — Bot adý: drpolymarket_paper_bot
2026-05-25 00:04:48,055 [ERROR] Telegram gönderim hatasý: HTTP Error 400: Bad Request
2026-05-25 00:04:48,062 [ERROR] Traceback (most recent call last):
  File "C:\Users\Lenovo\Desktop\polymarket\bot.py", line 221, in tg_send
    with urllib.request.urlopen(req, timeout=10) as r:
         ~~~~~~~~~~~~~~~~~~~~~~^^^^^^^^^^^^^^^^^
  File "C:\Users\Lenovo\AppData\Local\Python\pythoncore-3.14-64\Lib\urllib\request.py", line 187, in urlopen
    return opener.open(url, data, timeout)
           ~~~~~~~~~~~^^^^^^^^^^^^^^^^^^^^
  File "C:\Users\Lenovo\AppData\Local\Python\pythoncore-3.14-64\Lib\urllib\request.py", line 493, in open
    response = meth(req, response)
  File "C:\Users\Lenovo\AppData\Local\Python\pythoncore-3.14-64\Lib\urllib\request.py", line 602, in http_response
    response = self.parent.error(
        'http', request, response, code, msg, hdrs)
  File "C:\Users\Lenovo\AppData\Local\Python\pythoncore-3.14-64\Lib\urllib\request.py", line 531, in error
    return self._call_chain(*args)
           ~~~~~~~~~~~~~~~~^^^^^^^
  File "C:\Users\Lenovo\AppData\Local\Python\pythoncore-3.14-64\Lib\urllib\request.py", line 464, in _call_chain
    result = func(*args)
  File "C:\Users\Lenovo\AppData\Local\Python\pythoncore-3.14-64\Lib\urllib\request.py", line 611, in http_error_default
    raise HTTPError(req.full_url, code, msg, hdrs, fp)
urllib.error.HTTPError: HTTP Error 400: Bad Request

2026-05-25 00:04:48,065 [ERROR] Response: {"ok":false,"error_code":400,"description":"Bad Request: chat not found"}
2026-05-25 00:04:48,068 [INFO] Telegram polling baţladý...
2026-05-25 00:04:48,068 [INFO] Bot çalýţýyor. Durdurmak için Ctrl+C
2026-05-25 00:05:18,093 [INFO] Tarama baţlýyor...
2026-05-25 00:05:24,121 [INFO] The Odds API: 0 maç yüklendi
2026-05-25 00:05:24,215 [WARNING] HTTP GET hatasý https://gamma-api.polymarket.com/markets?active=true&closed=false&limit=100&offs: HTTP Error 403: Forbidden
2026-05-25 00:05:24,218 [INFO] Polymarket: 0 spor marketi bulundu
2026-05-25 00:05:24,218 [INFO] Bu taramada yeni fýrsat bulunamadý.
2026-05-25 00:09:34,293 [INFO] Bot durduruldu.
2026-05-25 00:09:38,746 [INFO] ==================================================
2026-05-25 00:09:38,747 [INFO] Polymarket Arbitraj Botu baţlatýlýyor...
2026-05-25 00:09:38,749 [INFO] ==================================================
2026-05-25 00:09:39,014 [INFO] Telegram bađlantýsý OK — Bot adý: drpolymarket_paper_bot
2026-05-25 00:09:39,241 [ERROR] Telegram gönderim hatasý: HTTP Error 400: Bad Request
2026-05-25 00:09:39,247 [ERROR] Traceback (most recent call last):
  File "C:\Users\Lenovo\Desktop\polymarket\bot.py", line 221, in tg_send
    with urllib.request.urlopen(req, timeout=10) as r:
         ~~~~~~~~~~~~~~~~~~~~~~^^^^^^^^^^^^^^^^^
  File "C:\Users\Lenovo\AppData\Local\Python\pythoncore-3.14-64\Lib\urllib\request.py", line 187, in urlopen
    return opener.open(url, data, timeout)
           ~~~~~~~~~~~^^^^^^^^^^^^^^^^^^^^
  File "C:\Users\Lenovo\AppData\Local\Python\pythoncore-3.14-64\Lib\urllib\request.py", line 493, in open
    response = meth(req, response)
  File "C:\Users\Lenovo\AppData\Local\Python\pythoncore-3.14-64\Lib\urllib\request.py", line 602, in http_response
    response = self.parent.error(
        'http', request, response, code, msg, hdrs)
  File "C:\Users\Lenovo\AppData\Local\Python\pythoncore-3.14-64\Lib\urllib\request.py", line 531, in error
    return self._call_chain(*args)
           ~~~~~~~~~~~~~~~~^^^^^^^
  File "C:\Users\Lenovo\AppData\Local\Python\pythoncore-3.14-64\Lib\urllib\request.py", line 464, in _call_chain
    result = func(*args)
  File "C:\Users\Lenovo\AppData\Local\Python\pythoncore-3.14-64\Lib\urllib\request.py", line 611, in http_error_default
    raise HTTPError(req.full_url, code, msg, hdrs, fp)
urllib.error.HTTPError: HTTP Error 400: Bad Request

2026-05-25 00:09:39,248 [ERROR] Response: {"ok":false,"error_code":400,"description":"Bad Request: chat not found"}
2026-05-25 00:09:39,250 [INFO] Telegram polling baţladý...
2026-05-25 00:09:39,251 [INFO] Bot çalýţýyor. Durdurmak için Ctrl+C
2026-05-25 00:09:45,220 [INFO] Bot durduruldu.
2026-05-25 00:13:18,700 [INFO] ==================================================
2026-05-25 00:13:18,701 [INFO] Polymarket Arbitraj Botu baţlatýlýyor...
2026-05-25 00:13:18,701 [INFO] ==================================================
2026-05-25 00:13:19,071 [INFO] Telegram bađlantýsý OK — Bot adý: drpolymarket_paper_bot
2026-05-25 00:13:19,545 [ERROR] Telegram gönderim hatasý: HTTP Error 400: Bad Request
2026-05-25 00:13:19,549 [ERROR] Traceback (most recent call last):
  File "C:\Users\Lenovo\Desktop\polymarket\bot.py", line 221, in tg_send
    with urllib.request.urlopen(req, timeout=10) as r:
         ~~~~~~~~~~~~~~~~~~~~~~^^^^^^^^^^^^^^^^^
  File "C:\Users\Lenovo\AppData\Local\Python\pythoncore-3.14-64\Lib\urllib\request.py", line 187, in urlopen
    return opener.open(url, data, timeout)
           ~~~~~~~~~~~^^^^^^^^^^^^^^^^^^^^
  File "C:\Users\Lenovo\AppData\Local\Python\pythoncore-3.14-64\Lib\urllib\request.py", line 493, in open
    response = meth(req, response)
  File "C:\Users\Lenovo\AppData\Local\Python\pythoncore-3.14-64\Lib\urllib\request.py", line 602, in http_response
    response = self.parent.error(
        'http', request, response, code, msg, hdrs)
  File "C:\Users\Lenovo\AppData\Local\Python\pythoncore-3.14-64\Lib\urllib\request.py", line 531, in error
    return self._call_chain(*args)
           ~~~~~~~~~~~~~~~~^^^^^^^
  File "C:\Users\Lenovo\AppData\Local\Python\pythoncore-3.14-64\Lib\urllib\request.py", line 464, in _call_chain
    result = func(*args)
  File "C:\Users\Lenovo\AppData\Local\Python\pythoncore-3.14-64\Lib\urllib\request.py", line 611, in http_error_default
    raise HTTPError(req.full_url, code, msg, hdrs, fp)
urllib.error.HTTPError: HTTP Error 400: Bad Request

2026-05-25 00:13:19,550 [ERROR] Response: {"ok":false,"error_code":400,"description":"Bad Request: chat not found"}
2026-05-25 00:13:19,552 [INFO] Telegram polling baţladý...
2026-05-25 00:13:19,552 [INFO] Bot çalýţýyor. Durdurmak için Ctrl+C
2026-05-25 00:13:49,556 [INFO] Tarama baţlýyor...
2026-05-25 00:13:55,565 [INFO] The Odds API: 0 maç yüklendi
2026-05-25 00:13:55,679 [WARNING] HTTP GET hatasý https://gamma-api.polymarket.com/markets?active=true&closed=false&limit=100&offs: HTTP Error 403: Forbidden
2026-05-25 00:13:55,681 [INFO] Polymarket: 0 spor marketi bulundu
2026-05-25 00:13:55,683 [INFO] Bu taramada yeni fýrsat bulunamadý.
2026-05-25 00:14:20,069 [INFO] Bot durduruldu.
2026-05-25 00:23:44,907 [INFO] ==================================================
2026-05-25 00:23:44,908 [INFO] Polymarket Arbitraj Botu baţlatýlýyor...
2026-05-25 00:23:44,909 [INFO] ==================================================
2026-05-25 00:23:46,922 [WARNING] HTTP GET hatasý https://api.telegram.org/bot8833789042:AAHTsb1DfaHEzuH05wp3uLZ-CZPbgFDmb_M/getMe: HTTP Error 401: Unauthorized
2026-05-25 00:23:46,923 [ERROR] Telegram bađlantýsý kurulamadý! Token'ý kontrol et.
2026-05-25 00:23:47,821 [INFO] Telegram polling baţladý...
2026-05-25 00:23:47,821 [INFO] Bot çalýţýyor. Durdurmak için Ctrl+C
2026-05-25 00:23:48,323 [WARNING] HTTP GET hatasý https://api.telegram.org/bot8833789042:AAHTsb1DfaHEzuH05wp3uLZ-CZPbgFDmb_M/getUp: HTTP Error 401: Unauthorized
2026-05-25 00:23:48,513 [WARNING] HTTP GET hatasý https://api.telegram.org/bot8833789042:AAHTsb1DfaHEzuH05wp3uLZ-CZPbgFDmb_M/getUp: HTTP Error 401: Unauthorized
2026-05-25 00:23:48,714 [WARNING] HTTP GET hatasý https://api.telegram.org/bot8833789042:AAHTsb1DfaHEzuH05wp3uLZ-CZPbgFDmb_M/getUp: HTTP Error 401: Unauthorized
2026-05-25 00:23:49,580 [WARNING] HTTP GET hatasý https://api.telegram.org/bot8833789042:AAHTsb1DfaHEzuH05wp3uLZ-CZPbgFDmb_M/getUp: HTTP Error 401: Unauthorized
2026-05-25 00:23:49,772 [WARNING] HTTP GET hatasý https://api.telegram.org/bot8833789042:AAHTsb1DfaHEzuH05wp3uLZ-CZPbgFDmb_M/getUp: HTTP Error 401: Unauthorized
2026-05-25 00:23:49,960 [WARNING] HTTP GET hatasý https://api.telegram.org/bot8833789042:AAHTsb1DfaHEzuH05wp3uLZ-CZPbgFDmb_M/getUp: HTTP Error 401: Unauthorized
2026-05-25 00:23:50,163 [WARNING] HTTP GET hatasý https://api.telegram.org/bot8833789042:AAHTsb1DfaHEzuH05wp3uLZ-CZPbgFDmb_M/getUp: HTTP Error 401: Unauthorized
2026-05-25 00:23:50,375 [WARNING] HTTP GET hatasý https://api.telegram.org/bot8833789042:AAHTsb1DfaHEzuH05wp3uLZ-CZPbgFDmb_M/getUp: HTTP Error 401: Unauthorized
2026-05-25 00:23:50,579 [WARNING] HTTP GET hatasý https://api.telegram.org/bot8833789042:AAHTsb1DfaHEzuH05wp3uLZ-CZPbgFDmb_M/getUp: HTTP Error 401: Unauthorized
2026-05-25 00:23:50,769 [WARNING] HTTP GET hatasý https://api.telegram.org/bot8833789042:AAHTsb1DfaHEzuH05wp3uLZ-CZPbgFDmb_M/getUp: HTTP Error 401: Unauthorized
2026-05-25 00:23:50,967 [WARNING] HTTP GET hatasý https://api.telegram.org/bot8833789042:AAHTsb1DfaHEzuH05wp3uLZ-CZPbgFDmb_M/getUp: HTTP Error 401: Unauthorized
2026-05-25 00:23:51,162 [WARNING] HTTP GET hatasý https://api.telegram.org/bot8833789042:AAHTsb1DfaHEzuH05wp3uLZ-CZPbgFDmb_M/getUp: HTTP Error 401: Unauthorized
2026-05-25 00:23:51,352 [WARNING] HTTP GET hatasý https://api.telegram.org/bot8833789042:AAHTsb1DfaHEzuH05wp3uLZ-CZPbgFDmb_M/getUp: HTTP Error 401: Unauthorized
2026-05-25 00:23:51,547 [WARNING] HTTP GET hatasý https://api.telegram.org/bot8833789042:AAHTsb1DfaHEzuH05wp3uLZ-CZPbgFDmb_M/getUp: HTTP Error 401: Unauthorized
2026-05-25 00:23:51,742 [WARNING] HTTP GET hatasý https://api.telegram.org/bot8833789042:AAHTsb1DfaHEzuH05wp3uLZ-CZPbgFDmb_M/getUp: HTTP Error 401: Unauthorized
2026-05-25 00:23:51,935 [WARNING] HTTP GET hatasý https://api.telegram.org/bot8833789042:AAHTsb1DfaHEzuH05wp3uLZ-CZPbgFDmb_M/getUp: HTTP Error 401: Unauthorized
2026-05-25 00:23:52,125 [WARNING] HTTP GET hatasý https://api.telegram.org/bot8833789042:AAHTsb1DfaHEzuH05wp3uLZ-CZPbgFDmb_M/getUp: HTTP Error 401: Unauthorized
2026-05-25 00:23:52,326 [WARNING] HTTP GET hatasý https://api.telegram.org/bot8833789042:AAHTsb1DfaHEzuH05wp3uLZ-CZPbgFDmb_M/getUp: HTTP Error 401: Unauthorized
2026-05-25 00:23:52,519 [WARNING] HTTP GET hatasý https://api.telegram.org/bot8833789042:AAHTsb1DfaHEzuH05wp3uLZ-CZPbgFDmb_M/getUp: HTTP Error 401: Unauthorized
2026-05-25 00:23:52,702 [WARNING] HTTP GET hatasý https://api.telegram.org/bot8833789042:AAHTsb1DfaHEzuH05wp3uLZ-CZPbgFDmb_M/getUp: HTTP Error 401: Unauthorized
2026-05-25 00:23:52,903 [WARNING] HTTP GET hatasý https://api.telegram.org/bot8833789042:AAHTsb1DfaHEzuH05wp3uLZ-CZPbgFDmb_M/getUp: HTTP Error 401: Unauthorized
2026-05-25 00:23:53,106 [WARNING] HTTP GET hatasý https://api.telegram.org/bot8833789042:AAHTsb1DfaHEzuH05wp3uLZ-CZPbgFDmb_M/getUp: HTTP Error 401: Unauthorized
2026-05-25 00:23:53,315 [WARNING] HTTP GET hatasý https://api.telegram.org/bot8833789042:AAHTsb1DfaHEzuH05wp3uLZ-CZPbgFDmb_M/getUp: HTTP Error 401: Unauthorized
2026-05-25 00:23:53,512 [WARNING] HTTP GET hatasý https://api.telegram.org/bot8833789042:AAHTsb1DfaHEzuH05wp3uLZ-CZPbgFDmb_M/getUp: HTTP Error 401: Unauthorized
2026-05-25 00:23:53,731 [WARNING] HTTP GET hatasý https://api.telegram.org/bot8833789042:AAHTsb1DfaHEzuH05wp3uLZ-CZPbgFDmb_M/getUp: HTTP Error 401: Unauthorized
2026-05-25 00:23:53,920 [WARNING] HTTP GET hatasý https://api.telegram.org/bot8833789042:AAHTsb1DfaHEzuH05wp3uLZ-CZPbgFDmb_M/getUp: HTTP Error 401: Unauthorized
2026-05-25 00:23:54,114 [WARNING] HTTP GET hatasý https://api.telegram.org/bot8833789042:AAHTsb1DfaHEzuH05wp3uLZ-CZPbgFDmb_M/getUp: HTTP Error 401: Unauthorized
2026-05-25 00:23:54,312 [WARNING] HTTP GET hatasý https://api.telegram.org/bot8833789042:AAHTsb1DfaHEzuH05wp3uLZ-CZPbgFDmb_M/getUp: HTTP Error 401: Unauthorized
2026-05-25 00:23:54,516 [WARNING] HTTP GET hatasý https://api.telegram.org/bot8833789042:AAHTsb1DfaHEzuH05wp3uLZ-CZPbgFDmb_M/getUp: HTTP Error 401: Unauthorized
2026-05-25 00:23:54,707 [WARNING] HTTP GET hatasý https://api.telegram.org/bot8833789042:AAHTsb1DfaHEzuH05wp3uLZ-CZPbgFDmb_M/getUp: HTTP Error 401: Unauthorized
2026-05-25 00:23:54,907 [WARNING] HTTP GET hatasý https://api.telegram.org/bot8833789042:AAHTsb1DfaHEzuH05wp3uLZ-CZPbgFDmb_M/getUp: HTTP Error 401: Unauthorized
2026-05-25 00:23:55,103 [WARNING] HTTP GET hatasý https://api.telegram.org/bot8833789042:AAHTsb1DfaHEzuH05wp3uLZ-CZPbgFDmb_M/getUp: HTTP Error 401: Unauthorized
2026-05-25 00:23:55,303 [WARNING] HTTP GET hatasý https://api.telegram.org/bot8833789042:AAHTsb1DfaHEzuH05wp3uLZ-CZPbgFDmb_M/getUp: HTTP Error 401: Unauthorized
2026-05-25 00:23:55,519 [WARNING] HTTP GET hatasý https://api.telegram.org/bot8833789042:AAHTsb1DfaHEzuH05wp3uLZ-CZPbgFDmb_M/getUp: HTTP Error 401: Unauthorized
2026-05-25 00:23:55,709 [WARNING] HTTP GET hatasý https://api.telegram.org/bot8833789042:AAHTsb1DfaHEzuH05wp3uLZ-CZPbgFDmb_M/getUp: HTTP Error 401: Unauthorized
2026-05-25 00:23:55,929 [WARNING] HTTP GET hatasý https://api.telegram.org/bot8833789042:AAHTsb1DfaHEzuH05wp3uLZ-CZPbgFDmb_M/getUp: HTTP Error 401: Unauthorized
2026-05-25 00:23:56,119 [WARNING] HTTP GET hatasý https://api.telegram.org/bot8833789042:AAHTsb1DfaHEzuH05wp3uLZ-CZPbgFDmb_M/getUp: HTTP Error 401: Unauthorized
2026-05-25 00:23:56,312 [WARNING] HTTP GET hatasý https://api.telegram.org/bot8833789042:AAHTsb1DfaHEzuH05wp3uLZ-CZPbgFDmb_M/getUp: HTTP Error 401: Unauthorized
2026-05-25 00:23:56,519 [WARNING] HTTP GET hatasý https://api.telegram.org/bot8833789042:AAHTsb1DfaHEzuH05wp3uLZ-CZPbgFDmb_M/getUp: HTTP Error 401: Unauthorized
2026-05-25 00:23:56,718 [WARNING] HTTP GET hatasý https://api.telegram.org/bot8833789042:AAHTsb1DfaHEzuH05wp3uLZ-CZPbgFDmb_M/getUp: HTTP Error 401: Unauthorized
2026-05-25 00:23:56,902 [WARNING] HTTP GET hatasý https://api.telegram.org/bot8833789042:AAHTsb1DfaHEzuH05wp3uLZ-CZPbgFDmb_M/getUp: HTTP Error 401: Unauthorized
2026-05-25 00:23:57,086 [WARNING] HTTP GET hatasý https://api.telegram.org/bot8833789042:AAHTsb1DfaHEzuH05wp3uLZ-CZPbgFDmb_M/getUp: HTTP Error 401: Unauthorized
2026-05-25 00:23:57,287 [WARNING] HTTP GET hatasý https://api.telegram.org/bot8833789042:AAHTsb1DfaHEzuH05wp3uLZ-CZPbgFDmb_M/getUp: HTTP Error 401: Unauthorized
2026-05-25 00:23:57,500 [WARNING] HTTP GET hatasý https://api.telegram.org/bot8833789042:AAHTsb1DfaHEzuH05wp3uLZ-CZPbgFDmb_M/getUp: HTTP Error 401: Unauthorized
2026-05-25 00:23:57,679 [INFO] Bot durduruldu.
2026-05-25 00:26:12,793 [INFO] ==================================================
2026-05-25 00:26:12,794 [INFO] Polymarket Arbitraj Botu baţlatýlýyor...
2026-05-25 00:26:12,795 [INFO] ==================================================
2026-05-25 00:26:13,040 [WARNING] HTTP GET hatasý https://api.telegram.org/bot8833789042:AAHTsb1DfaHEzuH05wp3uLZ-CZPbgFDmb_M/getMe: HTTP Error 401: Unauthorized
2026-05-25 00:26:13,041 [ERROR] Telegram bađlantýsý kurulamadý! Token'ý kontrol et.
2026-05-25 00:26:13,044 [INFO] Telegram polling baţladý...
2026-05-25 00:26:13,045 [INFO] Bot çalýţýyor. Durdurmak için Ctrl+C
2026-05-25 00:26:13,239 [WARNING] HTTP GET hatasý https://api.telegram.org/bot8833789042:AAHTsb1DfaHEzuH05wp3uLZ-CZPbgFDmb_M/getUp: HTTP Error 401: Unauthorized
2026-05-25 00:26:13,420 [WARNING] HTTP GET hatasý https://api.telegram.org/bot8833789042:AAHTsb1DfaHEzuH05wp3uLZ-CZPbgFDmb_M/getUp: HTTP Error 401: Unauthorized
2026-05-25 00:26:13,610 [WARNING] HTTP GET hatasý https://api.telegram.org/bot8833789042:AAHTsb1DfaHEzuH05wp3uLZ-CZPbgFDmb_M/getUp: HTTP Error 401: Unauthorized
2026-05-25 00:26:13,806 [WARNING] HTTP GET hatasý https://api.telegram.org/bot8833789042:AAHTsb1DfaHEzuH05wp3uLZ-CZPbgFDmb_M/getUp: HTTP Error 401: Unauthorized
2026-05-25 00:26:13,995 [WARNING] HTTP GET hatasý https://api.telegram.org/bot8833789042:AAHTsb1DfaHEzuH05wp3uLZ-CZPbgFDmb_M/getUp: HTTP Error 401: Unauthorized
2026-05-25 00:26:14,186 [WARNING] HTTP GET hatasý https://api.telegram.org/bot8833789042:AAHTsb1DfaHEzuH05wp3uLZ-CZPbgFDmb_M/getUp: HTTP Error 401: Unauthorized
2026-05-25 00:26:14,395 [WARNING] HTTP GET hatasý https://api.telegram.org/bot8833789042:AAHTsb1DfaHEzuH05wp3uLZ-CZPbgFDmb_M/getUp: HTTP Error 401: Unauthorized
2026-05-25 00:26:14,589 [WARNING] HTTP GET hatasý https://api.telegram.org/bot8833789042:AAHTsb1DfaHEzuH05wp3uLZ-CZPbgFDmb_M/getUp: HTTP Error 401: Unauthorized
2026-05-25 00:26:14,782 [WARNING] HTTP GET hatasý https://api.telegram.org/bot8833789042:AAHTsb1DfaHEzuH05wp3uLZ-CZPbgFDmb_M/getUp: HTTP Error 401: Unauthorized
2026-05-25 00:26:14,964 [WARNING] HTTP GET hatasý https://api.telegram.org/bot8833789042:AAHTsb1DfaHEzuH05wp3uLZ-CZPbgFDmb_M/getUp: HTTP Error 401: Unauthorized
2026-05-25 00:26:15,244 [WARNING] HTTP GET hatasý https://api.telegram.org/bot8833789042:AAHTsb1DfaHEzuH05wp3uLZ-CZPbgFDmb_M/getUp: HTTP Error 401: Unauthorized
2026-05-25 00:26:15,444 [WARNING] HTTP GET hatasý https://api.telegram.org/bot8833789042:AAHTsb1DfaHEzuH05wp3uLZ-CZPbgFDmb_M/getUp: HTTP Error 401: Unauthorized
2026-05-25 00:26:15,597 [INFO] Bot durduruldu.
2026-05-25 00:31:02,629 [INFO] ==================================================
2026-05-25 00:31:02,686 [INFO] Polymarket Arbitraj Botu baţlatýlýyor...
2026-05-25 00:31:02,687 [INFO] ==================================================
2026-05-25 00:31:04,343 [WARNING] HTTP GET hatasý https://api.telegram.org/bot8833789042:AAHTsblDfaHEzuH05wp3uLZ-CZPbgFDmb_M/getMe: HTTP Error 401: Unauthorized
2026-05-25 00:31:04,344 [ERROR] Telegram bađlantýsý kurulamadý! Token'ý kontrol et.
2026-05-25 00:31:04,347 [INFO] Telegram polling baţladý...
2026-05-25 00:31:04,347 [INFO] Bot çalýţýyor. Durdurmak için Ctrl+C
2026-05-25 00:31:04,899 [WARNING] HTTP GET hatasý https://api.telegram.org/bot8833789042:AAHTsblDfaHEzuH05wp3uLZ-CZPbgFDmb_M/getUp: HTTP Error 401: Unauthorized
2026-05-25 00:31:05,101 [WARNING] HTTP GET hatasý https://api.telegram.org/bot8833789042:AAHTsblDfaHEzuH05wp3uLZ-CZPbgFDmb_M/getUp: HTTP Error 401: Unauthorized
2026-05-25 00:31:05,290 [WARNING] HTTP GET hatasý https://api.telegram.org/bot8833789042:AAHTsblDfaHEzuH05wp3uLZ-CZPbgFDmb_M/getUp: HTTP Error 401: Unauthorized
2026-05-25 00:31:05,495 [WARNING] HTTP GET hatasý https://api.telegram.org/bot8833789042:AAHTsblDfaHEzuH05wp3uLZ-CZPbgFDmb_M/getUp: HTTP Error 401: Unauthorized
2026-05-25 00:31:05,696 [WARNING] HTTP GET hatasý https://api.telegram.org/bot8833789042:AAHTsblDfaHEzuH05wp3uLZ-CZPbgFDmb_M/getUp: HTTP Error 401: Unauthorized
2026-05-25 00:31:05,904 [WARNING] HTTP GET hatasý https://api.telegram.org/bot8833789042:AAHTsblDfaHEzuH05wp3uLZ-CZPbgFDmb_M/getUp: HTTP Error 401: Unauthorized
2026-05-25 00:31:06,105 [WARNING] HTTP GET hatasý https://api.telegram.org/bot8833789042:AAHTsblDfaHEzuH05wp3uLZ-CZPbgFDmb_M/getUp: HTTP Error 401: Unauthorized
2026-05-25 00:31:06,321 [WARNING] HTTP GET hatasý https://api.telegram.org/bot8833789042:AAHTsblDfaHEzuH05wp3uLZ-CZPbgFDmb_M/getUp: HTTP Error 401: Unauthorized
2026-05-25 00:31:06,531 [WARNING] HTTP GET hatasý https://api.telegram.org/bot8833789042:AAHTsblDfaHEzuH05wp3uLZ-CZPbgFDmb_M/getUp: HTTP Error 401: Unauthorized
2026-05-25 00:31:06,759 [WARNING] HTTP GET hatasý https://api.telegram.org/bot8833789042:AAHTsblDfaHEzuH05wp3uLZ-CZPbgFDmb_M/getUp: HTTP Error 401: Unauthorized
2026-05-25 00:31:06,952 [WARNING] HTTP GET hatasý https://api.telegram.org/bot8833789042:AAHTsblDfaHEzuH05wp3uLZ-CZPbgFDmb_M/getUp: HTTP Error 401: Unauthorized
2026-05-25 00:31:07,142 [WARNING] HTTP GET hatasý https://api.telegram.org/bot8833789042:AAHTsblDfaHEzuH05wp3uLZ-CZPbgFDmb_M/getUp: HTTP Error 401: Unauthorized
2026-05-25 00:31:07,348 [WARNING] HTTP GET hatasý https://api.telegram.org/bot8833789042:AAHTsblDfaHEzuH05wp3uLZ-CZPbgFDmb_M/getUp: HTTP Error 401: Unauthorized
2026-05-25 00:31:07,536 [WARNING] HTTP GET hatasý https://api.telegram.org/bot8833789042:AAHTsblDfaHEzuH05wp3uLZ-CZPbgFDmb_M/getUp: HTTP Error 401: Unauthorized
2026-05-25 00:31:07,730 [WARNING] HTTP GET hatasý https://api.telegram.org/bot8833789042:AAHTsblDfaHEzuH05wp3uLZ-CZPbgFDmb_M/getUp: HTTP Error 401: Unauthorized
2026-05-25 00:31:07,813 [INFO] Bot durduruldu.
2026-05-25 00:32:27,148 [INFO] ==================================================
2026-05-25 00:32:27,149 [INFO] Polymarket Arbitraj Botu baţlatýlýyor...
2026-05-25 00:32:27,150 [INFO] ==================================================
2026-05-25 00:32:27,410 [WARNING] HTTP GET hatasý https://api.telegram.org/bot8833789042:AAHTsblDfaHEzuH05wp3uLZ-CZPbgFDmb_M/getMe: HTTP Error 401: Unauthorized
2026-05-25 00:32:27,411 [ERROR] Telegram bađlantýsý kurulamadý! Token'ý kontrol et.
2026-05-25 00:32:27,414 [INFO] Telegram polling baţladý...
2026-05-25 00:32:27,414 [INFO] Bot çalýţýyor. Durdurmak için Ctrl+C
2026-05-25 00:32:27,605 [WARNING] HTTP GET hatasý https://api.telegram.org/bot8833789042:AAHTsblDfaHEzuH05wp3uLZ-CZPbgFDmb_M/getUp: HTTP Error 401: Unauthorized
2026-05-25 00:32:27,797 [WARNING] HTTP GET hatasý https://api.telegram.org/bot8833789042:AAHTsblDfaHEzuH05wp3uLZ-CZPbgFDmb_M/getUp: HTTP Error 401: Unauthorized
2026-05-25 00:32:27,999 [WARNING] HTTP GET hatasý https://api.telegram.org/bot8833789042:AAHTsblDfaHEzuH05wp3uLZ-CZPbgFDmb_M/getUp: HTTP Error 401: Unauthorized
2026-05-25 00:32:28,216 [WARNING] HTTP GET hatasý https://api.telegram.org/bot8833789042:AAHTsblDfaHEzuH05wp3uLZ-CZPbgFDmb_M/getUp: HTTP Error 401: Unauthorized
2026-05-25 00:32:28,405 [WARNING] HTTP GET hatasý https://api.telegram.org/bot8833789042:AAHTsblDfaHEzuH05wp3uLZ-CZPbgFDmb_M/getUp: HTTP Error 401: Unauthorized
2026-05-25 00:32:28,613 [WARNING] HTTP GET hatasý https://api.telegram.org/bot8833789042:AAHTsblDfaHEzuH05wp3uLZ-CZPbgFDmb_M/getUp: HTTP Error 401: Unauthorized
2026-05-25 00:32:28,813 [WARNING] HTTP GET hatasý https://api.telegram.org/bot8833789042:AAHTsblDfaHEzuH05wp3uLZ-CZPbgFDmb_M/getUp: HTTP Error 401: Unauthorized
2026-05-25 00:32:29,004 [WARNING] HTTP GET hatasý https://api.telegram.org/bot8833789042:AAHTsblDfaHEzuH05wp3uLZ-CZPbgFDmb_M/getUp: HTTP Error 401: Unauthorized
2026-05-25 00:32:29,219 [WARNING] HTTP GET hatasý https://api.telegram.org/bot8833789042:AAHTsblDfaHEzuH05wp3uLZ-CZPbgFDmb_M/getUp: HTTP Error 401: Unauthorized
2026-05-25 00:32:29,434 [WARNING] HTTP GET hatasý https://api.telegram.org/bot8833789042:AAHTsblDfaHEzuH05wp3uLZ-CZPbgFDmb_M/getUp: HTTP Error 401: Unauthorized
2026-05-25 00:32:29,623 [WARNING] HTTP GET hatasý https://api.telegram.org/bot8833789042:AAHTsblDfaHEzuH05wp3uLZ-CZPbgFDmb_M/getUp: HTTP Error 401: Unauthorized
2026-05-25 00:32:29,722 [INFO] Bot durduruldu.
2026-05-25 00:37:27,776 [INFO] Bot baslatiliyor...
2026-05-25 00:37:28,070 [INFO] Telegram OK - Bot: drbotpolymarket
2026-05-25 00:37:28,327 [INFO] Polling basliyor...
2026-05-25 00:37:28,327 [INFO] Bot calisiyor. Durdurmak icin Ctrl+C
2026-05-25 00:37:48,329 [INFO] Tarama basliyor...
2026-05-25 00:37:52,737 [INFO] Odds API: 0 mac
2026-05-25 00:37:52,866 [WARNING] GET hatasi https://gamma-api.polymarket.com/markets?active=true&closed=: HTTP Error 403: Forbidden
2026-05-25 00:37:52,868 [INFO] Polymarket: 0 spor marketi
2026-05-25 00:37:52,868 [INFO] Yeni firsat bulunamadi.
2026-05-25 00:42:35,807 [WARNING] GET hatasi https://api.telegram.org/bot8833789042:AAHTsblDfaHEzuHO5wp3u: HTTP Error 409: Conflict
2026-05-25 00:42:39,352 [WARNING] GET hatasi https://api.telegram.org/bot8833789042:AAHTsblDfaHEzuHO5wp3u: HTTP Error 409: Conflict
2026-05-25 00:42:43,757 [WARNING] GET hatasi https://api.telegram.org/bot8833789042:AAHTsblDfaHEzuHO5wp3u: HTTP Error 409: Conflict
2026-05-25 00:42:47,278 [WARNING] GET hatasi https://api.telegram.org/bot8833789042:AAHTsblDfaHEzuHO5wp3u: HTTP Error 409: Conflict
2026-05-25 00:42:50,734 [WARNING] GET hatasi https://api.telegram.org/bot8833789042:AAHTsblDfaHEzuHO5wp3u: HTTP Error 409: Conflict
2026-05-25 00:42:52,870 [INFO] Tarama basliyor...
2026-05-25 00:42:54,510 [WARNING] GET hatasi https://api.telegram.org/bot8833789042:AAHTsblDfaHEzuHO5wp3u: HTTP Error 409: Conflict
2026-05-25 00:42:57,276 [INFO] Odds API: 0 mac
2026-05-25 00:42:57,376 [WARNING] GET hatasi https://gamma-api.polymarket.com/markets?active=true&closed=: HTTP Error 403: Forbidden
2026-05-25 00:42:57,378 [INFO] Polymarket: 0 spor marketi
2026-05-25 00:42:57,379 [INFO] Yeni firsat bulunamadi.
2026-05-25 00:42:58,039 [WARNING] GET hatasi https://api.telegram.org/bot8833789042:AAHTsblDfaHEzuHO5wp3u: HTTP Error 409: Conflict
2026-05-25 00:43:01,556 [WARNING] GET hatasi https://api.telegram.org/bot8833789042:AAHTsblDfaHEzuHO5wp3u: HTTP Error 409: Conflict
2026-05-25 00:43:06,142 [WARNING] GET hatasi https://api.telegram.org/bot8833789042:AAHTsblDfaHEzuHO5wp3u: HTTP Error 409: Conflict
2026-05-25 00:43:09,597 [WARNING] GET hatasi https://api.telegram.org/bot8833789042:AAHTsblDfaHEzuHO5wp3u: HTTP Error 409: Conflict
2026-05-25 00:43:13,082 [WARNING] GET hatasi https://api.telegram.org/bot8833789042:AAHTsblDfaHEzuHO5wp3u: HTTP Error 409: Conflict
2026-05-25 00:43:16,565 [WARNING] GET hatasi https://api.telegram.org/bot8833789042:AAHTsblDfaHEzuHO5wp3u: HTTP Error 409: Conflict
2026-05-25 00:43:20,047 [WARNING] GET hatasi https://api.telegram.org/bot8833789042:AAHTsblDfaHEzuHO5wp3u: HTTP Error 409: Conflict
2026-05-25 00:43:23,508 [WARNING] GET hatasi https://api.telegram.org/bot8833789042:AAHTsblDfaHEzuHO5wp3u: HTTP Error 409: Conflict
2026-05-25 00:43:26,953 [WARNING] GET hatasi https://api.telegram.org/bot8833789042:AAHTsblDfaHEzuHO5wp3u: HTTP Error 409: Conflict
2026-05-25 00:43:30,420 [WARNING] GET hatasi https://api.telegram.org/bot8833789042:AAHTsblDfaHEzuHO5wp3u: HTTP Error 409: Conflict
2026-05-25 00:43:33,889 [WARNING] GET hatasi https://api.telegram.org/bot8833789042:AAHTsblDfaHEzuHO5wp3u: HTTP Error 409: Conflict
2026-05-25 00:43:37,421 [WARNING] GET hatasi https://api.telegram.org/bot8833789042:AAHTsblDfaHEzuHO5wp3u: HTTP Error 409: Conflict
2026-05-25 00:43:40,945 [WARNING] GET hatasi https://api.telegram.org/bot8833789042:AAHTsblDfaHEzuHO5wp3u: HTTP Error 409: Conflict
2026-05-25 00:43:44,542 [WARNING] GET hatasi https://api.telegram.org/bot8833789042:AAHTsblDfaHEzuHO5wp3u: HTTP Error 409: Conflict
2026-05-25 00:43:48,125 [WARNING] GET hatasi https://api.telegram.org/bot8833789042:AAHTsblDfaHEzuHO5wp3u: HTTP Error 409: Conflict
2026-05-25 00:43:51,595 [WARNING] GET hatasi https://api.telegram.org/bot8833789042:AAHTsblDfaHEzuHO5wp3u: HTTP Error 409: Conflict
2026-05-25 00:43:55,031 [WARNING] GET hatasi https://api.telegram.org/bot8833789042:AAHTsblDfaHEzuHO5wp3u: HTTP Error 409: Conflict
